  KMeans.cpp
C:\Users\Hugo\Documents\MachineLearningWoW\MlDll\MlDll\Utils.h(19,2): warning C4091: 'static ' : ignoré à gauche de 'Utils' quand aucune variable n'est déclarée
C:\Users\Hugo\Documents\MachineLearningWoW\MlDll\MlDll\KMeans.cpp(13,24): warning C4244: '+=' : conversion de '_Ty' en 'int', perte possible de données
C:\Users\Hugo\Documents\MachineLearningWoW\MlDll\MlDll\KMeans.cpp(13,24): warning C4244:         with
C:\Users\Hugo\Documents\MachineLearningWoW\MlDll\MlDll\KMeans.cpp(13,24): warning C4244:         [
C:\Users\Hugo\Documents\MachineLearningWoW\MlDll\MlDll\KMeans.cpp(13,24): warning C4244:             _Ty=double
C:\Users\Hugo\Documents\MachineLearningWoW\MlDll\MlDll\KMeans.cpp(13,24): warning C4244:         ]
C:\Users\Hugo\Documents\MachineLearningWoW\MlDll\MlDll\KMeans.cpp(15,33): warning C4244: 'argument' : conversion de 'unsigned __int64' en '_Ty', perte possible de données
C:\Users\Hugo\Documents\MachineLearningWoW\MlDll\MlDll\KMeans.cpp(15,33): warning C4244:         with
C:\Users\Hugo\Documents\MachineLearningWoW\MlDll\MlDll\KMeans.cpp(15,33): warning C4244:         [
C:\Users\Hugo\Documents\MachineLearningWoW\MlDll\MlDll\KMeans.cpp(15,33): warning C4244:             _Ty=double
C:\Users\Hugo\Documents\MachineLearningWoW\MlDll\MlDll\KMeans.cpp(15,33): warning C4244:         ]
  RBF.cpp
C:\Users\Hugo\Documents\MachineLearningWoW\MlDll\MlDll\KMeans.cpp(26,12): warning C4244: 'argument' : conversion de 'time_t' en 'unsigned int', perte possible de données
C:\Users\Hugo\Documents\MachineLearningWoW\MlDll\MlDll\Utils.h(19,2): warning C4091: 'static ' : ignoré à gauche de 'Utils' quand aucune variable n'est déclarée
C:\Users\Hugo\Documents\MachineLearningWoW\MlDll\MlDll\RBF.cpp(9,9): warning C4930: 'KMeans kMeans(void)' : fonction prototypée non appelée (était-ce la définition de variable souhaitée ?)
  Source.cpp
C:\Users\Hugo\Documents\MachineLearningWoW\MlDll\MlDll\RBF.cpp(83,37): warning C4244: 'return' : conversion de 'double' en 'float', perte possible de données
C:\Users\Hugo\Documents\MachineLearningWoW\MlDll\MlDll\Utils.h(19,2): warning C4091: 'static ' : ignoré à gauche de 'Utils' quand aucune variable n'est déclarée
C:\Users\Hugo\Documents\MachineLearningWoW\MlDll\MlDll\Source.cpp(13,13): warning C4244: 'argument' : conversion de 'time_t' en 'unsigned int', perte possible de données
  Utils.cpp
C:\Users\Hugo\Documents\MachineLearningWoW\MlDll\MlDll\Source.cpp(55,13): warning C4244: 'argument' : conversion de 'time_t' en 'unsigned int', perte possible de données
C:\Users\Hugo\Documents\MachineLearningWoW\MlDll\MlDll\Utils.h(19,2): warning C4091: 'static ' : ignoré à gauche de 'Utils' quand aucune variable n'est déclarée
C:\Users\Hugo\Documents\MachineLearningWoW\MlDll\MlDll\Utils.cpp(23,31): warning C4244: '+=' : conversion de 'double' en 'float', perte possible de données
  Génération de code en cours...
C:\Users\Hugo\Documents\MachineLearningWoW\MlDll\MlDll\Utils.cpp(79,18): warning C4267: 'initialisation' : conversion de 'size_t' en 'int', perte possible de données
     CrÚation de la bibliothÞque C:\Users\Hugo\Documents\MachineLearningWoW\MlDll\x64\Debug\MlDll.lib et de l'objet C:\Users\Hugo\Documents\MachineLearningWoW\MlDll\x64\Debug\MlDll.exp
  MlDll.vcxproj -> C:\Users\Hugo\Documents\MachineLearningWoW\MlDll\x64\Debug\MlDll.dll
